Determining if the pthread_create exist failed with the following output:
Change Dir: /home/l/Downloads/PiseyYou/multidetect/mul_1/yolo/video/build/CMakeFiles/CMakeTmp

Run Build Command:"/usr/bin/make" "cmTC_1be01/fast"
/usr/bin/make -f CMakeFiles/cmTC_1be01.dir/build.make CMakeFiles/cmTC_1be01.dir/build
make[1]: Entering directory '/home/l/Downloads/PiseyYou/multidetect/mul_1/yolo/video/build/CMakeFiles/CMakeTmp'
Building C object CMakeFiles/cmTC_1be01.dir/CheckSymbolExists.c.o
/usr/bin/cc    -fPIC    -o CMakeFiles/cmTC_1be01.dir/CheckSymbolExists.c.o   -c /home/l/Downloads/PiseyYou/multidetect/mul_1/yolo/video/build/CMakeFiles/CMakeTmp/CheckSymbolExists.c
Linking C executable cmTC_1be01
/usr/bin/cmake -E cmake_link_script CMakeFiles/cmTC_1be01.dir/link.txt --verbose=1
/usr/bin/cc  -fPIC     CMakeFiles/cmTC_1be01.dir/CheckSymbolExists.c.o  -o cmTC_1be01 -rdynamic 
CMakeFiles/cmTC_1be01.dir/CheckSymbolExists.c.o: In function `main':
CheckSymbolExists.c:(.text+0x1b): undefined reference to `pthread_create'
collect2: error: ld returned 1 exit status
CMakeFiles/cmTC_1be01.dir/build.make:97: recipe for target 'cmTC_1be01' failed
make[1]: *** [cmTC_1be01] Error 1
make[1]: Leaving directory '/home/l/Downloads/PiseyYou/multidetect/mul_1/yolo/video/build/CMakeFiles/CMakeTmp'
Makefile:126: recipe for target 'cmTC_1be01/fast' failed
make: *** [cmTC_1be01/fast] Error 2

File /home/l/Downloads/PiseyYou/multidetect/mul_1/yolo/video/build/CMakeFiles/CMakeTmp/CheckSymbolExists.c:
/* */
#include <pthread.h>

int main(int argc, char** argv)
{
  (void)argv;
#ifndef pthread_create
  return ((int*)(&pthread_create))[argc];
#else
  (void)argc;
  return 0;
#endif
}

Determining if the function pthread_create exists in the pthreads failed with the following output:
Change Dir: /home/l/Downloads/PiseyYou/multidetect/mul_1/yolo/video/build/CMakeFiles/CMakeTmp

Run Build Command:"/usr/bin/make" "cmTC_86891/fast"
/usr/bin/make -f CMakeFiles/cmTC_86891.dir/build.make CMakeFiles/cmTC_86891.dir/build
make[1]: Entering directory '/home/l/Downloads/PiseyYou/multidetect/mul_1/yolo/video/build/CMakeFiles/CMakeTmp'
Building C object CMakeFiles/cmTC_86891.dir/CheckFunctionExists.c.o
/usr/bin/cc    -fPIC -DCHECK_FUNCTION_EXISTS=pthread_create   -o CMakeFiles/cmTC_86891.dir/CheckFunctionExists.c.o   -c /usr/share/cmake-3.5/Modules/CheckFunctionExists.c
Linking C executable cmTC_86891
/usr/bin/cmake -E cmake_link_script CMakeFiles/cmTC_86891.dir/link.txt --verbose=1
/usr/bin/cc  -fPIC -DCHECK_FUNCTION_EXISTS=pthread_create    CMakeFiles/cmTC_86891.dir/CheckFunctionExists.c.o  -o cmTC_86891 -rdynamic -lpthreads 
/usr/bin/ld: cannot find -lpthreads
collect2: error: ld returned 1 exit status
CMakeFiles/cmTC_86891.dir/build.make:97: recipe for target 'cmTC_86891' failed
make[1]: *** [cmTC_86891] Error 1
make[1]: Leaving directory '/home/l/Downloads/PiseyYou/multidetect/mul_1/yolo/video/build/CMakeFiles/CMakeTmp'
Makefile:126: recipe for target 'cmTC_86891/fast' failed
make: *** [cmTC_86891/fast] Error 2


