Determining if the pthread_create exist failed with the following output:
Change Dir: /home/l/Downloads/PiseyYou/multidetect/mul_1/yolo/apps/trt-yolo/zmq_rtsp/zmq_rstp_1/rtsp_1/CMakeFiles/CMakeTmp

Run Build Command:"/usr/bin/make" "cmTC_66ba3/fast"
/usr/bin/make -f CMakeFiles/cmTC_66ba3.dir/build.make CMakeFiles/cmTC_66ba3.dir/build
make[1]: Entering directory '/home/l/Downloads/PiseyYou/multidetect/mul_1/yolo/apps/trt-yolo/zmq_rtsp/zmq_rstp_1/rtsp_1/CMakeFiles/CMakeTmp'
Building CXX object CMakeFiles/cmTC_66ba3.dir/CheckSymbolExists.cxx.o
/usr/bin/c++     -std=c++11 -Wall -Wunused-function -Wunused-variable -Wfatal-errors    -o CMakeFiles/cmTC_66ba3.dir/CheckSymbolExists.cxx.o -c /home/l/Downloads/PiseyYou/multidetect/mul_1/yolo/apps/trt-yolo/zmq_rtsp/zmq_rstp_1/rtsp_1/CMakeFiles/CMakeTmp/CheckSymbolExists.cxx
Linking CXX executable cmTC_66ba3
/usr/bin/cmake -E cmake_link_script CMakeFiles/cmTC_66ba3.dir/link.txt --verbose=1
/usr/bin/c++   -std=c++11 -Wall -Wunused-function -Wunused-variable -Wfatal-errors     CMakeFiles/cmTC_66ba3.dir/CheckSymbolExists.cxx.o  -o cmTC_66ba3 
CMakeFiles/cmTC_66ba3.dir/CheckSymbolExists.cxx.o: In function `main':
CheckSymbolExists.cxx:(.text+0x16): undefined reference to `pthread_create'
collect2: error: ld returned 1 exit status
CMakeFiles/cmTC_66ba3.dir/build.make:97: recipe for target 'cmTC_66ba3' failed
make[1]: *** [cmTC_66ba3] Error 1
make[1]: Leaving directory '/home/l/Downloads/PiseyYou/multidetect/mul_1/yolo/apps/trt-yolo/zmq_rtsp/zmq_rstp_1/rtsp_1/CMakeFiles/CMakeTmp'
Makefile:126: recipe for target 'cmTC_66ba3/fast' failed
make: *** [cmTC_66ba3/fast] Error 2

File /home/l/Downloads/PiseyYou/multidetect/mul_1/yolo/apps/trt-yolo/zmq_rtsp/zmq_rstp_1/rtsp_1/CMakeFiles/CMakeTmp/CheckSymbolExists.cxx:
/* */
#include <pthread.h>

int main(int argc, char** argv)
{
  (void)argv;
#ifndef pthread_create
  return ((int*)(&pthread_create))[argc];
#else
  (void)argc;
  return 0;
#endif
}

Determining if the function pthread_create exists in the pthreads failed with the following output:
Change Dir: /home/l/Downloads/PiseyYou/multidetect/mul_1/yolo/apps/trt-yolo/zmq_rtsp/zmq_rstp_1/rtsp_1/CMakeFiles/CMakeTmp

Run Build Command:"/usr/bin/make" "cmTC_01003/fast"
/usr/bin/make -f CMakeFiles/cmTC_01003.dir/build.make CMakeFiles/cmTC_01003.dir/build
make[1]: Entering directory '/home/l/Downloads/PiseyYou/multidetect/mul_1/yolo/apps/trt-yolo/zmq_rtsp/zmq_rstp_1/rtsp_1/CMakeFiles/CMakeTmp'
Building CXX object CMakeFiles/cmTC_01003.dir/CheckFunctionExists.cxx.o
/usr/bin/c++     -std=c++11 -Wall -Wunused-function -Wunused-variable -Wfatal-errors -DCHECK_FUNCTION_EXISTS=pthread_create   -o CMakeFiles/cmTC_01003.dir/CheckFunctionExists.cxx.o -c /home/l/Downloads/PiseyYou/multidetect/mul_1/yolo/apps/trt-yolo/zmq_rtsp/zmq_rstp_1/rtsp_1/CMakeFiles/CheckLibraryExists/CheckFunctionExists.cxx
Linking CXX executable cmTC_01003
/usr/bin/cmake -E cmake_link_script CMakeFiles/cmTC_01003.dir/link.txt --verbose=1
/usr/bin/c++   -std=c++11 -Wall -Wunused-function -Wunused-variable -Wfatal-errors -DCHECK_FUNCTION_EXISTS=pthread_create    CMakeFiles/cmTC_01003.dir/CheckFunctionExists.cxx.o  -o cmTC_01003 -lpthreads 
/usr/bin/ld: cannot find -lpthreads
collect2: error: ld returned 1 exit status
CMakeFiles/cmTC_01003.dir/build.make:97: recipe for target 'cmTC_01003' failed
make[1]: *** [cmTC_01003] Error 1
make[1]: Leaving directory '/home/l/Downloads/PiseyYou/multidetect/mul_1/yolo/apps/trt-yolo/zmq_rtsp/zmq_rstp_1/rtsp_1/CMakeFiles/CMakeTmp'
Makefile:126: recipe for target 'cmTC_01003/fast' failed
make: *** [cmTC_01003/fast] Error 2


