Determining if the pthread_create exist failed with the following output:
Change Dir: /home/l/Downloads/deepstream_reference_apps/yolo/apps/trt-yolo/cmake-build-debug/CMakeFiles/CMakeTmp

Run Build Command:"/usr/bin/make" "cmTC_2fa87/fast"
/usr/bin/make -f CMakeFiles/cmTC_2fa87.dir/build.make CMakeFiles/cmTC_2fa87.dir/build
make[1]: Entering directory '/home/l/Downloads/deepstream_reference_apps/yolo/apps/trt-yolo/cmake-build-debug/CMakeFiles/CMakeTmp'
Building CXX object CMakeFiles/cmTC_2fa87.dir/CheckSymbolExists.cxx.o
/usr/bin/c++     -std=c++11 -Wall -Wunused-function -Wunused-variable -Wfatal-errors    -o CMakeFiles/cmTC_2fa87.dir/CheckSymbolExists.cxx.o -c /home/l/Downloads/deepstream_reference_apps/yolo/apps/trt-yolo/cmake-build-debug/CMakeFiles/CMakeTmp/CheckSymbolExists.cxx
Linking CXX executable cmTC_2fa87
/usr/bin/cmake -E cmake_link_script CMakeFiles/cmTC_2fa87.dir/link.txt --verbose=1
/usr/bin/c++   -std=c++11 -Wall -Wunused-function -Wunused-variable -Wfatal-errors     CMakeFiles/cmTC_2fa87.dir/CheckSymbolExists.cxx.o  -o cmTC_2fa87 
CMakeFiles/cmTC_2fa87.dir/CheckSymbolExists.cxx.o: In function `main':
CheckSymbolExists.cxx:(.text+0x16): undefined reference to `pthread_create'
collect2: error: ld returned 1 exit status
CMakeFiles/cmTC_2fa87.dir/build.make:97: recipe for target 'cmTC_2fa87' failed
make[1]: *** [cmTC_2fa87] Error 1
make[1]: Leaving directory '/home/l/Downloads/deepstream_reference_apps/yolo/apps/trt-yolo/cmake-build-debug/CMakeFiles/CMakeTmp'
Makefile:126: recipe for target 'cmTC_2fa87/fast' failed
make: *** [cmTC_2fa87/fast] Error 2

File /home/l/Downloads/deepstream_reference_apps/yolo/apps/trt-yolo/cmake-build-debug/CMakeFiles/CMakeTmp/CheckSymbolExists.cxx:
/* */
#include <pthread.h>

int main(int argc, char** argv)
{
  (void)argv;
#ifndef pthread_create
  return ((int*)(&pthread_create))[argc];
#else
  (void)argc;
  return 0;
#endif
}

Determining if the function pthread_create exists in the pthreads failed with the following output:
Change Dir: /home/l/Downloads/deepstream_reference_apps/yolo/apps/trt-yolo/cmake-build-debug/CMakeFiles/CMakeTmp

Run Build Command:"/usr/bin/make" "cmTC_af25d/fast"
/usr/bin/make -f CMakeFiles/cmTC_af25d.dir/build.make CMakeFiles/cmTC_af25d.dir/build
make[1]: Entering directory '/home/l/Downloads/deepstream_reference_apps/yolo/apps/trt-yolo/cmake-build-debug/CMakeFiles/CMakeTmp'
Building CXX object CMakeFiles/cmTC_af25d.dir/CheckFunctionExists.cxx.o
/usr/bin/c++     -std=c++11 -Wall -Wunused-function -Wunused-variable -Wfatal-errors -DCHECK_FUNCTION_EXISTS=pthread_create   -o CMakeFiles/cmTC_af25d.dir/CheckFunctionExists.cxx.o -c /home/l/Downloads/deepstream_reference_apps/yolo/apps/trt-yolo/cmake-build-debug/CMakeFiles/CheckLibraryExists/CheckFunctionExists.cxx
Linking CXX executable cmTC_af25d
/usr/bin/cmake -E cmake_link_script CMakeFiles/cmTC_af25d.dir/link.txt --verbose=1
/usr/bin/c++   -std=c++11 -Wall -Wunused-function -Wunused-variable -Wfatal-errors -DCHECK_FUNCTION_EXISTS=pthread_create    CMakeFiles/cmTC_af25d.dir/CheckFunctionExists.cxx.o  -o cmTC_af25d -lpthreads 
/usr/bin/ld: cannot find -lpthreads
collect2: error: ld returned 1 exit status
CMakeFiles/cmTC_af25d.dir/build.make:97: recipe for target 'cmTC_af25d' failed
make[1]: *** [cmTC_af25d] Error 1
make[1]: Leaving directory '/home/l/Downloads/deepstream_reference_apps/yolo/apps/trt-yolo/cmake-build-debug/CMakeFiles/CMakeTmp'
Makefile:126: recipe for target 'cmTC_af25d/fast' failed
make: *** [cmTC_af25d/fast] Error 2


