Determining if the pthread_create exist failed with the following output:
Change Dir: /home/l/Downloads/deepstream_reference_apps/zmq_rep_pub/pub/build/CMakeFiles/CMakeTmp

Run Build Command:"/usr/bin/make" "cmTC_4a715/fast"
/usr/bin/make -f CMakeFiles/cmTC_4a715.dir/build.make CMakeFiles/cmTC_4a715.dir/build
make[1]: Entering directory '/home/l/Downloads/deepstream_reference_apps/zmq_rep_pub/pub/build/CMakeFiles/CMakeTmp'
Building C object CMakeFiles/cmTC_4a715.dir/CheckSymbolExists.c.o
/usr/bin/cc    -fPIC    -o CMakeFiles/cmTC_4a715.dir/CheckSymbolExists.c.o   -c /home/l/Downloads/deepstream_reference_apps/zmq_rep_pub/pub/build/CMakeFiles/CMakeTmp/CheckSymbolExists.c
Linking C executable cmTC_4a715
/usr/bin/cmake -E cmake_link_script CMakeFiles/cmTC_4a715.dir/link.txt --verbose=1
/usr/bin/cc  -fPIC     CMakeFiles/cmTC_4a715.dir/CheckSymbolExists.c.o  -o cmTC_4a715 
CMakeFiles/cmTC_4a715.dir/CheckSymbolExists.c.o: In function `main':
CheckSymbolExists.c:(.text+0x1b): undefined reference to `pthread_create'
collect2: error: ld returned 1 exit status
CMakeFiles/cmTC_4a715.dir/build.make:97: recipe for target 'cmTC_4a715' failed
make[1]: *** [cmTC_4a715] Error 1
make[1]: Leaving directory '/home/l/Downloads/deepstream_reference_apps/zmq_rep_pub/pub/build/CMakeFiles/CMakeTmp'
Makefile:126: recipe for target 'cmTC_4a715/fast' failed
make: *** [cmTC_4a715/fast] Error 2

File /home/l/Downloads/deepstream_reference_apps/zmq_rep_pub/pub/build/CMakeFiles/CMakeTmp/CheckSymbolExists.c:
/* */
#include <pthread.h>

int main(int argc, char** argv)
{
  (void)argv;
#ifndef pthread_create
  return ((int*)(&pthread_create))[argc];
#else
  (void)argc;
  return 0;
#endif
}

Determining if the function pthread_create exists in the pthreads failed with the following output:
Change Dir: /home/l/Downloads/deepstream_reference_apps/zmq_rep_pub/pub/build/CMakeFiles/CMakeTmp

Run Build Command:"/usr/bin/make" "cmTC_5552e/fast"
/usr/bin/make -f CMakeFiles/cmTC_5552e.dir/build.make CMakeFiles/cmTC_5552e.dir/build
make[1]: Entering directory '/home/l/Downloads/deepstream_reference_apps/zmq_rep_pub/pub/build/CMakeFiles/CMakeTmp'
Building C object CMakeFiles/cmTC_5552e.dir/CheckFunctionExists.c.o
/usr/bin/cc    -fPIC -DCHECK_FUNCTION_EXISTS=pthread_create   -o CMakeFiles/cmTC_5552e.dir/CheckFunctionExists.c.o   -c /usr/share/cmake-3.5/Modules/CheckFunctionExists.c
Linking C executable cmTC_5552e
/usr/bin/cmake -E cmake_link_script CMakeFiles/cmTC_5552e.dir/link.txt --verbose=1
/usr/bin/cc  -fPIC -DCHECK_FUNCTION_EXISTS=pthread_create    CMakeFiles/cmTC_5552e.dir/CheckFunctionExists.c.o  -o cmTC_5552e -lpthreads 
/usr/bin/ld: cannot find -lpthreads
collect2: error: ld returned 1 exit status
CMakeFiles/cmTC_5552e.dir/build.make:97: recipe for target 'cmTC_5552e' failed
make[1]: *** [cmTC_5552e] Error 1
make[1]: Leaving directory '/home/l/Downloads/deepstream_reference_apps/zmq_rep_pub/pub/build/CMakeFiles/CMakeTmp'
Makefile:126: recipe for target 'cmTC_5552e/fast' failed
make: *** [cmTC_5552e/fast] Error 2


