Determining if the pthread_create exist failed with the following output:
Change Dir: /home/l/Downloads/deepstream_reference_apps/zmq_rep_pub/req/build/CMakeFiles/CMakeTmp

Run Build Command:"/usr/bin/make" "cmTC_d9f8f/fast"
/usr/bin/make -f CMakeFiles/cmTC_d9f8f.dir/build.make CMakeFiles/cmTC_d9f8f.dir/build
make[1]: Entering directory '/home/l/Downloads/deepstream_reference_apps/zmq_rep_pub/req/build/CMakeFiles/CMakeTmp'
Building C object CMakeFiles/cmTC_d9f8f.dir/CheckSymbolExists.c.o
/usr/bin/cc    -fPIC    -o CMakeFiles/cmTC_d9f8f.dir/CheckSymbolExists.c.o   -c /home/l/Downloads/deepstream_reference_apps/zmq_rep_pub/req/build/CMakeFiles/CMakeTmp/CheckSymbolExists.c
Linking C executable cmTC_d9f8f
/usr/bin/cmake -E cmake_link_script CMakeFiles/cmTC_d9f8f.dir/link.txt --verbose=1
/usr/bin/cc  -fPIC     CMakeFiles/cmTC_d9f8f.dir/CheckSymbolExists.c.o  -o cmTC_d9f8f 
CMakeFiles/cmTC_d9f8f.dir/CheckSymbolExists.c.o: In function `main':
CheckSymbolExists.c:(.text+0x1b): undefined reference to `pthread_create'
collect2: error: ld returned 1 exit status
CMakeFiles/cmTC_d9f8f.dir/build.make:97: recipe for target 'cmTC_d9f8f' failed
make[1]: *** [cmTC_d9f8f] Error 1
make[1]: Leaving directory '/home/l/Downloads/deepstream_reference_apps/zmq_rep_pub/req/build/CMakeFiles/CMakeTmp'
Makefile:126: recipe for target 'cmTC_d9f8f/fast' failed
make: *** [cmTC_d9f8f/fast] Error 2

File /home/l/Downloads/deepstream_reference_apps/zmq_rep_pub/req/build/CMakeFiles/CMakeTmp/CheckSymbolExists.c:
/* */
#include <pthread.h>

int main(int argc, char** argv)
{
  (void)argv;
#ifndef pthread_create
  return ((int*)(&pthread_create))[argc];
#else
  (void)argc;
  return 0;
#endif
}

Determining if the function pthread_create exists in the pthreads failed with the following output:
Change Dir: /home/l/Downloads/deepstream_reference_apps/zmq_rep_pub/req/build/CMakeFiles/CMakeTmp

Run Build Command:"/usr/bin/make" "cmTC_80734/fast"
/usr/bin/make -f CMakeFiles/cmTC_80734.dir/build.make CMakeFiles/cmTC_80734.dir/build
make[1]: Entering directory '/home/l/Downloads/deepstream_reference_apps/zmq_rep_pub/req/build/CMakeFiles/CMakeTmp'
Building C object CMakeFiles/cmTC_80734.dir/CheckFunctionExists.c.o
/usr/bin/cc    -fPIC -DCHECK_FUNCTION_EXISTS=pthread_create   -o CMakeFiles/cmTC_80734.dir/CheckFunctionExists.c.o   -c /usr/share/cmake-3.5/Modules/CheckFunctionExists.c
Linking C executable cmTC_80734
/usr/bin/cmake -E cmake_link_script CMakeFiles/cmTC_80734.dir/link.txt --verbose=1
/usr/bin/cc  -fPIC -DCHECK_FUNCTION_EXISTS=pthread_create    CMakeFiles/cmTC_80734.dir/CheckFunctionExists.c.o  -o cmTC_80734 -lpthreads 
/usr/bin/ld: cannot find -lpthreads
collect2: error: ld returned 1 exit status
CMakeFiles/cmTC_80734.dir/build.make:97: recipe for target 'cmTC_80734' failed
make[1]: *** [cmTC_80734] Error 1
make[1]: Leaving directory '/home/l/Downloads/deepstream_reference_apps/zmq_rep_pub/req/build/CMakeFiles/CMakeTmp'
Makefile:126: recipe for target 'cmTC_80734/fast' failed
make: *** [cmTC_80734/fast] Error 2


