Determining if the pthread_create exist failed with the following output:
Change Dir: /home/l/Downloads/PiseyYou/trt_yolo_video/deepstream_reference_apps/yolo/apps/trt-yolo/build_pic/CMakeFiles/CMakeTmp

Run Build Command:"/usr/bin/make" "cmTC_1d97e/fast"
/usr/bin/make -f CMakeFiles/cmTC_1d97e.dir/build.make CMakeFiles/cmTC_1d97e.dir/build
make[1]: Entering directory '/home/l/Downloads/PiseyYou/trt_yolo_video/deepstream_reference_apps/yolo/apps/trt-yolo/build_pic/CMakeFiles/CMakeTmp'
Building CXX object CMakeFiles/cmTC_1d97e.dir/CheckSymbolExists.cxx.o
/usr/bin/c++     -std=c++11 -Wall -Wunused-function -Wunused-variable -Wfatal-errors    -o CMakeFiles/cmTC_1d97e.dir/CheckSymbolExists.cxx.o -c /home/l/Downloads/PiseyYou/trt_yolo_video/deepstream_reference_apps/yolo/apps/trt-yolo/build_pic/CMakeFiles/CMakeTmp/CheckSymbolExists.cxx
Linking CXX executable cmTC_1d97e
/usr/bin/cmake -E cmake_link_script CMakeFiles/cmTC_1d97e.dir/link.txt --verbose=1
/usr/bin/c++   -std=c++11 -Wall -Wunused-function -Wunused-variable -Wfatal-errors     CMakeFiles/cmTC_1d97e.dir/CheckSymbolExists.cxx.o  -o cmTC_1d97e 
CMakeFiles/cmTC_1d97e.dir/CheckSymbolExists.cxx.o: In function `main':
CheckSymbolExists.cxx:(.text+0x16): undefined reference to `pthread_create'
collect2: error: ld returned 1 exit status
CMakeFiles/cmTC_1d97e.dir/build.make:97: recipe for target 'cmTC_1d97e' failed
make[1]: *** [cmTC_1d97e] Error 1
make[1]: Leaving directory '/home/l/Downloads/PiseyYou/trt_yolo_video/deepstream_reference_apps/yolo/apps/trt-yolo/build_pic/CMakeFiles/CMakeTmp'
Makefile:126: recipe for target 'cmTC_1d97e/fast' failed
make: *** [cmTC_1d97e/fast] Error 2

File /home/l/Downloads/PiseyYou/trt_yolo_video/deepstream_reference_apps/yolo/apps/trt-yolo/build_pic/CMakeFiles/CMakeTmp/CheckSymbolExists.cxx:
/* */
#include <pthread.h>

int main(int argc, char** argv)
{
  (void)argv;
#ifndef pthread_create
  return ((int*)(&pthread_create))[argc];
#else
  (void)argc;
  return 0;
#endif
}

Determining if the function pthread_create exists in the pthreads failed with the following output:
Change Dir: /home/l/Downloads/PiseyYou/trt_yolo_video/deepstream_reference_apps/yolo/apps/trt-yolo/build_pic/CMakeFiles/CMakeTmp

Run Build Command:"/usr/bin/make" "cmTC_08f0d/fast"
/usr/bin/make -f CMakeFiles/cmTC_08f0d.dir/build.make CMakeFiles/cmTC_08f0d.dir/build
make[1]: Entering directory '/home/l/Downloads/PiseyYou/trt_yolo_video/deepstream_reference_apps/yolo/apps/trt-yolo/build_pic/CMakeFiles/CMakeTmp'
Building CXX object CMakeFiles/cmTC_08f0d.dir/CheckFunctionExists.cxx.o
/usr/bin/c++     -std=c++11 -Wall -Wunused-function -Wunused-variable -Wfatal-errors -DCHECK_FUNCTION_EXISTS=pthread_create   -o CMakeFiles/cmTC_08f0d.dir/CheckFunctionExists.cxx.o -c /home/l/Downloads/PiseyYou/trt_yolo_video/deepstream_reference_apps/yolo/apps/trt-yolo/build_pic/CMakeFiles/CheckLibraryExists/CheckFunctionExists.cxx
Linking CXX executable cmTC_08f0d
/usr/bin/cmake -E cmake_link_script CMakeFiles/cmTC_08f0d.dir/link.txt --verbose=1
/usr/bin/c++   -std=c++11 -Wall -Wunused-function -Wunused-variable -Wfatal-errors -DCHECK_FUNCTION_EXISTS=pthread_create    CMakeFiles/cmTC_08f0d.dir/CheckFunctionExists.cxx.o  -o cmTC_08f0d -lpthreads 
/usr/bin/ld: cannot find -lpthreads
collect2: error: ld returned 1 exit status
CMakeFiles/cmTC_08f0d.dir/build.make:97: recipe for target 'cmTC_08f0d' failed
make[1]: *** [cmTC_08f0d] Error 1
make[1]: Leaving directory '/home/l/Downloads/PiseyYou/trt_yolo_video/deepstream_reference_apps/yolo/apps/trt-yolo/build_pic/CMakeFiles/CMakeTmp'
Makefile:126: recipe for target 'cmTC_08f0d/fast' failed
make: *** [cmTC_08f0d/fast] Error 2


