Determining if the pthread_create exist failed with the following output:
Change Dir: /home/l/Downloads/deepstream_reference_apps/yolo/apps/trt-yolo/build_cone/CMakeFiles/CMakeTmp

Run Build Command:"/usr/bin/make" "cmTC_9ad17/fast"
/usr/bin/make -f CMakeFiles/cmTC_9ad17.dir/build.make CMakeFiles/cmTC_9ad17.dir/build
make[1]: Entering directory '/home/l/Downloads/deepstream_reference_apps/yolo/apps/trt-yolo/build_cone/CMakeFiles/CMakeTmp'
Building CXX object CMakeFiles/cmTC_9ad17.dir/CheckSymbolExists.cxx.o
/usr/bin/c++     -std=c++11 -Wall -Wunused-function -Wunused-variable -Wfatal-errors    -o CMakeFiles/cmTC_9ad17.dir/CheckSymbolExists.cxx.o -c /home/l/Downloads/deepstream_reference_apps/yolo/apps/trt-yolo/build_cone/CMakeFiles/CMakeTmp/CheckSymbolExists.cxx
Linking CXX executable cmTC_9ad17
/usr/bin/cmake -E cmake_link_script CMakeFiles/cmTC_9ad17.dir/link.txt --verbose=1
/usr/bin/c++   -std=c++11 -Wall -Wunused-function -Wunused-variable -Wfatal-errors     CMakeFiles/cmTC_9ad17.dir/CheckSymbolExists.cxx.o  -o cmTC_9ad17 
CMakeFiles/cmTC_9ad17.dir/CheckSymbolExists.cxx.o: In function `main':
CheckSymbolExists.cxx:(.text+0x16): undefined reference to `pthread_create'
collect2: error: ld returned 1 exit status
CMakeFiles/cmTC_9ad17.dir/build.make:97: recipe for target 'cmTC_9ad17' failed
make[1]: *** [cmTC_9ad17] Error 1
make[1]: Leaving directory '/home/l/Downloads/deepstream_reference_apps/yolo/apps/trt-yolo/build_cone/CMakeFiles/CMakeTmp'
Makefile:126: recipe for target 'cmTC_9ad17/fast' failed
make: *** [cmTC_9ad17/fast] Error 2

File /home/l/Downloads/deepstream_reference_apps/yolo/apps/trt-yolo/build_cone/CMakeFiles/CMakeTmp/CheckSymbolExists.cxx:
/* */
#include <pthread.h>

int main(int argc, char** argv)
{
  (void)argv;
#ifndef pthread_create
  return ((int*)(&pthread_create))[argc];
#else
  (void)argc;
  return 0;
#endif
}

Determining if the function pthread_create exists in the pthreads failed with the following output:
Change Dir: /home/l/Downloads/deepstream_reference_apps/yolo/apps/trt-yolo/build_cone/CMakeFiles/CMakeTmp

Run Build Command:"/usr/bin/make" "cmTC_f9ba7/fast"
/usr/bin/make -f CMakeFiles/cmTC_f9ba7.dir/build.make CMakeFiles/cmTC_f9ba7.dir/build
make[1]: Entering directory '/home/l/Downloads/deepstream_reference_apps/yolo/apps/trt-yolo/build_cone/CMakeFiles/CMakeTmp'
Building CXX object CMakeFiles/cmTC_f9ba7.dir/CheckFunctionExists.cxx.o
/usr/bin/c++     -std=c++11 -Wall -Wunused-function -Wunused-variable -Wfatal-errors -DCHECK_FUNCTION_EXISTS=pthread_create   -o CMakeFiles/cmTC_f9ba7.dir/CheckFunctionExists.cxx.o -c /home/l/Downloads/deepstream_reference_apps/yolo/apps/trt-yolo/build_cone/CMakeFiles/CheckLibraryExists/CheckFunctionExists.cxx
Linking CXX executable cmTC_f9ba7
/usr/bin/cmake -E cmake_link_script CMakeFiles/cmTC_f9ba7.dir/link.txt --verbose=1
/usr/bin/c++   -std=c++11 -Wall -Wunused-function -Wunused-variable -Wfatal-errors -DCHECK_FUNCTION_EXISTS=pthread_create    CMakeFiles/cmTC_f9ba7.dir/CheckFunctionExists.cxx.o  -o cmTC_f9ba7 -lpthreads 
/usr/bin/ld: cannot find -lpthreads
collect2: error: ld returned 1 exit status
CMakeFiles/cmTC_f9ba7.dir/build.make:97: recipe for target 'cmTC_f9ba7' failed
make[1]: *** [cmTC_f9ba7] Error 1
make[1]: Leaving directory '/home/l/Downloads/deepstream_reference_apps/yolo/apps/trt-yolo/build_cone/CMakeFiles/CMakeTmp'
Makefile:126: recipe for target 'cmTC_f9ba7/fast' failed
make: *** [cmTC_f9ba7/fast] Error 2


