Determining if the pthread_create exist failed with the following output:
Change Dir: /home/l/Downloads/PiseyYou/multidetect/deepstream_reference_apps/yolo/apps/trt-yolo/build_vehicles/CMakeFiles/CMakeTmp

Run Build Command:"/usr/bin/make" "cmTC_df76d/fast"
/usr/bin/make -f CMakeFiles/cmTC_df76d.dir/build.make CMakeFiles/cmTC_df76d.dir/build
make[1]: Entering directory '/home/l/Downloads/PiseyYou/multidetect/deepstream_reference_apps/yolo/apps/trt-yolo/build_vehicles/CMakeFiles/CMakeTmp'
Building CXX object CMakeFiles/cmTC_df76d.dir/CheckSymbolExists.cxx.o
/usr/bin/c++     -std=c++11 -Wall -Wunused-function -Wunused-variable -Wfatal-errors    -o CMakeFiles/cmTC_df76d.dir/CheckSymbolExists.cxx.o -c /home/l/Downloads/PiseyYou/multidetect/deepstream_reference_apps/yolo/apps/trt-yolo/build_vehicles/CMakeFiles/CMakeTmp/CheckSymbolExists.cxx
Linking CXX executable cmTC_df76d
/usr/bin/cmake -E cmake_link_script CMakeFiles/cmTC_df76d.dir/link.txt --verbose=1
/usr/bin/c++   -std=c++11 -Wall -Wunused-function -Wunused-variable -Wfatal-errors     CMakeFiles/cmTC_df76d.dir/CheckSymbolExists.cxx.o  -o cmTC_df76d 
CMakeFiles/cmTC_df76d.dir/CheckSymbolExists.cxx.o: In function `main':
CheckSymbolExists.cxx:(.text+0x16): undefined reference to `pthread_create'
collect2: error: ld returned 1 exit status
CMakeFiles/cmTC_df76d.dir/build.make:97: recipe for target 'cmTC_df76d' failed
make[1]: *** [cmTC_df76d] Error 1
make[1]: Leaving directory '/home/l/Downloads/PiseyYou/multidetect/deepstream_reference_apps/yolo/apps/trt-yolo/build_vehicles/CMakeFiles/CMakeTmp'
Makefile:126: recipe for target 'cmTC_df76d/fast' failed
make: *** [cmTC_df76d/fast] Error 2

File /home/l/Downloads/PiseyYou/multidetect/deepstream_reference_apps/yolo/apps/trt-yolo/build_vehicles/CMakeFiles/CMakeTmp/CheckSymbolExists.cxx:
/* */
#include <pthread.h>

int main(int argc, char** argv)
{
  (void)argv;
#ifndef pthread_create
  return ((int*)(&pthread_create))[argc];
#else
  (void)argc;
  return 0;
#endif
}

Determining if the function pthread_create exists in the pthreads failed with the following output:
Change Dir: /home/l/Downloads/PiseyYou/multidetect/deepstream_reference_apps/yolo/apps/trt-yolo/build_vehicles/CMakeFiles/CMakeTmp

Run Build Command:"/usr/bin/make" "cmTC_7e886/fast"
/usr/bin/make -f CMakeFiles/cmTC_7e886.dir/build.make CMakeFiles/cmTC_7e886.dir/build
make[1]: Entering directory '/home/l/Downloads/PiseyYou/multidetect/deepstream_reference_apps/yolo/apps/trt-yolo/build_vehicles/CMakeFiles/CMakeTmp'
Building CXX object CMakeFiles/cmTC_7e886.dir/CheckFunctionExists.cxx.o
/usr/bin/c++     -std=c++11 -Wall -Wunused-function -Wunused-variable -Wfatal-errors -DCHECK_FUNCTION_EXISTS=pthread_create   -o CMakeFiles/cmTC_7e886.dir/CheckFunctionExists.cxx.o -c /home/l/Downloads/PiseyYou/multidetect/deepstream_reference_apps/yolo/apps/trt-yolo/build_vehicles/CMakeFiles/CheckLibraryExists/CheckFunctionExists.cxx
Linking CXX executable cmTC_7e886
/usr/bin/cmake -E cmake_link_script CMakeFiles/cmTC_7e886.dir/link.txt --verbose=1
/usr/bin/c++   -std=c++11 -Wall -Wunused-function -Wunused-variable -Wfatal-errors -DCHECK_FUNCTION_EXISTS=pthread_create    CMakeFiles/cmTC_7e886.dir/CheckFunctionExists.cxx.o  -o cmTC_7e886 -lpthreads 
/usr/bin/ld: cannot find -lpthreads
collect2: error: ld returned 1 exit status
CMakeFiles/cmTC_7e886.dir/build.make:97: recipe for target 'cmTC_7e886' failed
make[1]: *** [cmTC_7e886] Error 1
make[1]: Leaving directory '/home/l/Downloads/PiseyYou/multidetect/deepstream_reference_apps/yolo/apps/trt-yolo/build_vehicles/CMakeFiles/CMakeTmp'
Makefile:126: recipe for target 'cmTC_7e886/fast' failed
make: *** [cmTC_7e886/fast] Error 2


